2025-05-18 23:12:25,435 - INFO - Strategy config: {'ema_fast': 10, 'ema_slow': 50, 'rsi_period': 14, 'rsi_overbought': 70, 'rsi_oversold': 30, 'atr_period': 14, 'adx_period': 14, 'bollinger_period': 20, 'bollinger_dev': 2, 'volatility_filter': 0.001}
2025-05-18 23:12:25,436 - INFO - setting up API-client for environment practice
2025-05-18 23:12:25,441 - INFO - setting up API-client for environment practice
2025-05-18 23:12:25,442 - INFO - DataFetcher initialized.
2025-05-18 23:12:27,466 - INFO - Session started with $1000.00. Wallet remaining: $7000.00
2025-05-18 23:12:27,467 - INFO - Fetching live market data...
2025-05-18 23:12:27,467 - INFO - Fetching live data for instruments: EUR_USD,USD_JPY
2025-05-18 23:12:27,467 - INFO - performing request https://api-fxpractice.oanda.com/v3/accounts/101-002-30763959-002/pricing
2025-05-18 23:12:27,981 - INFO - Live data fetched successfully.
2025-05-18 23:12:27,981 - WARNING - Live data invalid or too short (required: 50, got: 2). Falling back to historical.
2025-05-18 23:12:28,522 - INFO - Telegram alert sent: Live data invalid or too short (required: 50, got: 2). Falling back to historical.
2025-05-18 23:12:28,540 - INFO - Applying strategy indicators...
2025-05-18 23:12:28,548 - INFO - Running LSTM price prediction...
2025-05-18 23:12:29,415 - INFO - LSTM prediction: Hold
2025-05-18 23:12:29,415 - INFO - Scanning strategy signals...
2025-05-18 23:12:29,541 - INFO - Trade Rejected  EUR_USD | Signal: Buy | LSTM: Hold
2025-05-18 23:12:29,641 - INFO - Trade Rejected  EUR_USD | Signal: Buy | LSTM: Hold
2025-05-18 23:12:29,653 - INFO - Trade Rejected  EUR_USD | Signal: Sell | LSTM: Hold
2025-05-18 23:12:29,709 - INFO - Trade Rejected  EUR_USD | Signal: Sell | LSTM: Hold
2025-05-18 23:12:30,201 - INFO - Telegram alert sent: Trading session completed successfully.
2025-05-18 23:17:38,390 - INFO - Strategy config: {'ema_fast': 10, 'ema_slow': 50, 'rsi_period': 14, 'rsi_overbought': 70, 'rsi_oversold': 30, 'atr_period': 14, 'adx_period': 14, 'bollinger_period': 20, 'bollinger_dev': 2, 'volatility_filter': 0.001}
2025-05-18 23:17:38,391 - INFO - setting up API-client for environment practice
2025-05-18 23:17:38,395 - INFO - setting up API-client for environment practice
2025-05-18 23:17:38,395 - INFO - DataFetcher initialized.
2025-05-18 23:17:39,679 - INFO - Session started with $1000.00. Wallet remaining: $6000.00
2025-05-18 23:17:39,680 - INFO - Fetching live market data...
2025-05-18 23:17:39,680 - INFO - Fetching live data for instruments: EUR_USD,USD_JPY
2025-05-18 23:17:39,680 - INFO - performing request https://api-fxpractice.oanda.com/v3/accounts/101-002-30763959-002/pricing
2025-05-18 23:17:39,991 - INFO - Live data fetched successfully.
2025-05-18 23:17:39,991 - WARNING - Live data invalid or too short (required: 50, got: 2). Falling back to historical.
2025-05-18 23:17:40,556 - INFO - Telegram alert sent: Live data invalid or too short (required: 50, got: 2). Falling back to historical.
2025-05-18 23:17:40,569 - INFO - Applying strategy indicators...
2025-05-18 23:17:40,575 - INFO - Running LSTM price prediction...
2025-05-18 23:17:41,158 - INFO - LSTM prediction: Hold
2025-05-18 23:17:41,158 - INFO - Scanning strategy signals...
2025-05-18 23:17:41,241 - INFO - Trade Rejected  EUR_USD | Signal: Buy | LSTM: Hold
2025-05-18 23:17:41,315 - INFO - Trade Rejected  EUR_USD | Signal: Buy | LSTM: Hold
2025-05-18 23:17:41,322 - INFO - Trade Rejected  EUR_USD | Signal: Sell | LSTM: Hold
2025-05-18 23:17:41,355 - INFO - Trade Rejected  EUR_USD | Signal: Sell | LSTM: Hold
2025-05-18 23:17:41,773 - INFO - Telegram alert sent: Trading session completed successfully.
2025-05-18 23:23:02,075 - INFO - Strategy config: {'ema_fast': 10, 'ema_slow': 50, 'rsi_period': 14, 'rsi_overbought': 70, 'rsi_oversold': 30, 'atr_period': 14, 'adx_period': 14, 'bollinger_period': 20, 'bollinger_dev': 2, 'volatility_filter': 0.001}
2025-05-18 23:23:02,076 - INFO - setting up API-client for environment practice
2025-05-18 23:23:02,120 - INFO - setting up API-client for environment practice
2025-05-18 23:23:02,121 - INFO - DataFetcher initialized.
2025-05-18 23:23:03,035 - INFO - Session started with $1000.00. Wallet remaining: $5000.00
2025-05-18 23:23:03,035 - INFO - Fetching live market data...
2025-05-18 23:23:03,035 - INFO - Fetching live data for instruments: EUR_USD,USD_JPY
2025-05-18 23:23:03,035 - INFO - performing request https://api-fxpractice.oanda.com/v3/accounts/101-002-30763959-002/pricing
2025-05-18 23:23:03,311 - INFO - Live data fetched successfully.
2025-05-18 23:23:03,311 - WARNING - Live data invalid or too short (required: 50, got: 2). Falling back to historical.
2025-05-18 23:23:03,916 - INFO - Telegram alert sent: Live data invalid or too short (required: 50, got: 2). Falling back to historical.
2025-05-18 23:23:03,949 - INFO - Applying strategy indicators...
2025-05-18 23:23:03,959 - INFO - Running LSTM price prediction...
2025-05-18 23:23:04,700 - INFO - LSTM prediction: Hold
2025-05-18 23:23:04,700 - INFO - Scanning strategy signals...
2025-05-18 23:23:04,839 - INFO - Trade Rejected  EUR_USD | Signal: Buy | LSTM: Hold
2025-05-18 23:23:04,935 - INFO - Trade Rejected  EUR_USD | Signal: Buy | LSTM: Hold
2025-05-18 23:23:04,945 - INFO - Trade Rejected  EUR_USD | Signal: Sell | LSTM: Hold
2025-05-18 23:23:04,978 - INFO - Trade Rejected  EUR_USD | Signal: Sell | LSTM: Hold
2025-05-18 23:23:05,363 - INFO - Telegram alert sent: Trading session completed successfully.
2025-05-18 23:28:12,770 - INFO - Strategy config: {'ema_fast': 10, 'ema_slow': 50, 'rsi_period': 14, 'rsi_overbought': 70, 'rsi_oversold': 30, 'atr_period': 14, 'adx_period': 14, 'bollinger_period': 20, 'bollinger_dev': 2, 'volatility_filter': 0.001}
2025-05-18 23:28:12,771 - INFO - setting up API-client for environment practice
2025-05-18 23:28:12,774 - INFO - setting up API-client for environment practice
2025-05-18 23:28:12,775 - INFO - DataFetcher initialized.
2025-05-18 23:28:13,673 - INFO - Session started with $1000.00. Wallet remaining: $4000.00
2025-05-18 23:28:13,673 - INFO - Fetching live market data...
2025-05-18 23:28:13,674 - INFO - Fetching live data for instruments: EUR_USD,USD_JPY
2025-05-18 23:28:13,674 - INFO - performing request https://api-fxpractice.oanda.com/v3/accounts/101-002-30763959-002/pricing
2025-05-18 23:28:13,947 - INFO - Live data fetched successfully.
2025-05-18 23:28:13,947 - WARNING - Live data invalid or too short (required: 50, got: 2). Falling back to historical.
2025-05-18 23:28:14,507 - INFO - Telegram alert sent: Live data invalid or too short (required: 50, got: 2). Falling back to historical.
2025-05-18 23:28:14,520 - INFO - Applying strategy indicators...
2025-05-18 23:28:14,525 - INFO - Running LSTM price prediction...
2025-05-18 23:28:15,018 - INFO - LSTM prediction: Hold
2025-05-18 23:28:15,018 - INFO - Scanning strategy signals...
2025-05-18 23:28:15,083 - INFO - Trade Rejected  EUR_USD | Signal: Buy | LSTM: Hold
2025-05-18 23:28:15,142 - INFO - Trade Rejected  EUR_USD | Signal: Buy | LSTM: Hold
2025-05-18 23:28:15,150 - INFO - Trade Rejected  EUR_USD | Signal: Sell | LSTM: Hold
2025-05-18 23:28:15,180 - INFO - Trade Rejected  EUR_USD | Signal: Sell | LSTM: Hold
2025-05-18 23:28:15,534 - INFO - Telegram alert sent: Trading session completed successfully.
2025-05-18 23:33:23,543 - INFO - Strategy config: {'ema_fast': 10, 'ema_slow': 50, 'rsi_period': 14, 'rsi_overbought': 70, 'rsi_oversold': 30, 'atr_period': 14, 'adx_period': 14, 'bollinger_period': 20, 'bollinger_dev': 2, 'volatility_filter': 0.001}
2025-05-18 23:33:23,543 - INFO - setting up API-client for environment practice
2025-05-18 23:33:23,547 - INFO - setting up API-client for environment practice
2025-05-18 23:33:23,547 - INFO - DataFetcher initialized.
2025-05-18 23:33:24,711 - INFO - Session started with $1000.00. Wallet remaining: $3000.00
2025-05-18 23:33:24,711 - INFO - Fetching live market data...
2025-05-18 23:33:24,711 - INFO - Fetching live data for instruments: EUR_USD,USD_JPY
2025-05-18 23:33:24,711 - INFO - performing request https://api-fxpractice.oanda.com/v3/accounts/101-002-30763959-002/pricing
2025-05-18 23:33:25,032 - INFO - Live data fetched successfully.
2025-05-18 23:33:25,033 - WARNING - Live data invalid or too short (required: 50, got: 2). Falling back to historical.
2025-05-18 23:33:25,638 - INFO - Telegram alert sent: Live data invalid or too short (required: 50, got: 2). Falling back to historical.
2025-05-18 23:33:25,652 - INFO - Applying strategy indicators...
2025-05-18 23:33:25,658 - INFO - Running LSTM price prediction...
2025-05-18 23:33:26,273 - INFO - LSTM prediction: Hold
2025-05-18 23:33:26,274 - INFO - Scanning strategy signals...
2025-05-18 23:33:26,365 - INFO - Trade Rejected  EUR_USD | Signal: Buy | LSTM: Hold
2025-05-18 23:33:26,453 - INFO - Trade Rejected  EUR_USD | Signal: Buy | LSTM: Hold
2025-05-18 23:33:26,466 - INFO - Trade Rejected  EUR_USD | Signal: Sell | LSTM: Hold
2025-05-18 23:33:26,511 - INFO - Trade Rejected  EUR_USD | Signal: Sell | LSTM: Hold
2025-05-18 23:33:26,898 - INFO - Telegram alert sent: Trading session completed successfully.
2025-05-18 23:38:43,999 - INFO - Strategy config: {'ema_fast': 10, 'ema_slow': 50, 'rsi_period': 14, 'rsi_overbought': 70, 'rsi_oversold': 30, 'atr_period': 14, 'adx_period': 14, 'bollinger_period': 20, 'bollinger_dev': 2, 'volatility_filter': 0.001}
2025-05-18 23:38:43,999 - INFO - setting up API-client for environment practice
2025-05-18 23:38:44,033 - INFO - setting up API-client for environment practice
2025-05-18 23:38:44,033 - INFO - DataFetcher initialized.
2025-05-18 23:38:44,882 - INFO - Session started with $1000.00. Wallet remaining: $2000.00
2025-05-18 23:38:44,882 - INFO - Fetching live market data...
2025-05-18 23:38:44,883 - INFO - Fetching live data for instruments: EUR_USD,USD_JPY
2025-05-18 23:38:44,883 - INFO - performing request https://api-fxpractice.oanda.com/v3/accounts/101-002-30763959-002/pricing
2025-05-18 23:38:45,177 - INFO - Live data fetched successfully.
2025-05-18 23:38:45,177 - WARNING - Live data invalid or too short (required: 50, got: 2). Falling back to historical.
2025-05-18 23:38:45,829 - INFO - Telegram alert sent: Live data invalid or too short (required: 50, got: 2). Falling back to historical.
2025-05-18 23:38:45,853 - INFO - Applying strategy indicators...
2025-05-18 23:38:45,858 - INFO - Running LSTM price prediction...
2025-05-18 23:38:46,361 - INFO - LSTM prediction: Hold
2025-05-18 23:38:46,361 - INFO - Scanning strategy signals...
2025-05-18 23:38:46,423 - INFO - Trade Rejected  EUR_USD | Signal: Buy | LSTM: Hold
2025-05-18 23:38:46,482 - INFO - Trade Rejected  EUR_USD | Signal: Buy | LSTM: Hold
2025-05-18 23:38:46,489 - INFO - Trade Rejected  EUR_USD | Signal: Sell | LSTM: Hold
2025-05-18 23:38:46,513 - INFO - Trade Rejected  EUR_USD | Signal: Sell | LSTM: Hold
2025-05-18 23:38:46,889 - INFO - Telegram alert sent: Trading session completed successfully.
2025-05-18 23:43:56,568 - INFO - Strategy config: {'ema_fast': 10, 'ema_slow': 50, 'rsi_period': 14, 'rsi_overbought': 70, 'rsi_oversold': 30, 'atr_period': 14, 'adx_period': 14, 'bollinger_period': 20, 'bollinger_dev': 2, 'volatility_filter': 0.001}
2025-05-18 23:43:56,568 - INFO - setting up API-client for environment practice
2025-05-18 23:43:56,572 - INFO - setting up API-client for environment practice
2025-05-18 23:43:56,572 - INFO - DataFetcher initialized.
2025-05-18 23:43:57,837 - INFO - Session started with $1000.00. Wallet remaining: $1000.00
2025-05-18 23:43:57,837 - INFO - Fetching live market data...
2025-05-18 23:43:57,838 - INFO - Fetching live data for instruments: EUR_USD,USD_JPY
2025-05-18 23:43:57,838 - INFO - performing request https://api-fxpractice.oanda.com/v3/accounts/101-002-30763959-002/pricing
2025-05-18 23:43:58,117 - INFO - Live data fetched successfully.
2025-05-18 23:43:58,117 - WARNING - Live data invalid or too short (required: 50, got: 2). Falling back to historical.
2025-05-18 23:43:58,690 - INFO - Telegram alert sent: Live data invalid or too short (required: 50, got: 2). Falling back to historical.
2025-05-18 23:43:58,710 - INFO - Applying strategy indicators...
2025-05-18 23:43:58,720 - INFO - Running LSTM price prediction...
2025-05-18 23:43:59,297 - INFO - LSTM prediction: Hold
2025-05-18 23:43:59,297 - INFO - Scanning strategy signals...
2025-05-18 23:43:59,359 - INFO - Trade Rejected  EUR_USD | Signal: Buy | LSTM: Hold
2025-05-18 23:43:59,418 - INFO - Trade Rejected  EUR_USD | Signal: Buy | LSTM: Hold
2025-05-18 23:43:59,426 - INFO - Trade Rejected  EUR_USD | Signal: Sell | LSTM: Hold
2025-05-18 23:43:59,451 - INFO - Trade Rejected  EUR_USD | Signal: Sell | LSTM: Hold
2025-05-18 23:43:59,807 - INFO - Telegram alert sent: Trading session completed successfully.
